2025-02-17T18:10:16.101+01:00  INFO 17296 --- [main] a.a.f.s.swpj4bb.touristoffice.demo.Main  : Starting Main using Java 22.0.2 with PID 17296 (C:\Users\Admin\Desktop\TouristOffice Spring Boot 3\target\classes started by Admin in C:\Users\Admin\Desktop\TouristOffice Spring Boot 3)
2025-02-17T18:10:16.113+01:00  INFO 17296 --- [main] a.a.f.s.swpj4bb.touristoffice.demo.Main  : No active profile set, falling back to 1 default profile: "default"
2025-02-17T18:10:17.429+01:00  INFO 17296 --- [main] .s.d.r.c.RepositoryConfigurationDelegate : Bootstrapping Spring Data JPA repositories in DEFAULT mode.
2025-02-17T18:10:17.504+01:00  INFO 17296 --- [main] .s.d.r.c.RepositoryConfigurationDelegate : Finished Spring Data repository scanning in 62 ms. Found 1 JPA repository interface.
2025-02-17T18:10:18.168+01:00  INFO 17296 --- [main] o.s.b.w.embedded.tomcat.TomcatWebServer  : Tomcat initialized with port 8080 (http)
2025-02-17T18:10:18.184+01:00  INFO 17296 --- [main] o.apache.catalina.core.StandardService   : Starting service [Tomcat]
2025-02-17T18:10:18.184+01:00  INFO 17296 --- [main] o.apache.catalina.core.StandardEngine    : Starting Servlet engine: [Apache Tomcat/10.1.18]
2025-02-17T18:10:18.246+01:00  INFO 17296 --- [main] o.a.c.c.C.[Tomcat].[localhost].[/]       : Initializing Spring embedded WebApplicationContext
2025-02-17T18:10:18.247+01:00  INFO 17296 --- [main] w.s.c.ServletWebServerApplicationContext : Root WebApplicationContext: initialization completed in 2062 ms
2025-02-17T18:10:18.285+01:00  INFO 17296 --- [main] com.zaxxer.hikari.HikariDataSource       : HikariPool-1 - Starting...
2025-02-17T18:10:18.570+01:00  INFO 17296 --- [main] com.zaxxer.hikari.pool.HikariPool        : HikariPool-1 - Added connection conn0: url=jdbc:h2:file:~/hotels_sb3 user=SA
2025-02-17T18:10:18.572+01:00  INFO 17296 --- [main] com.zaxxer.hikari.HikariDataSource       : HikariPool-1 - Start completed.
2025-02-17T18:10:18.582+01:00  INFO 17296 --- [main] o.s.b.a.h2.H2ConsoleAutoConfiguration    : H2 console available at '/h2-console'. Database available at 'jdbc:h2:file:~/hotels_sb3'
2025-02-17T18:10:18.756+01:00  INFO 17296 --- [main] o.hibernate.jpa.internal.util.LogHelper  : HHH000204: Processing PersistenceUnitInfo [name: default]
2025-02-17T18:10:18.846+01:00  INFO 17296 --- [main] org.hibernate.Version                    : HHH000412: Hibernate ORM core version 6.4.1.Final
2025-02-17T18:10:18.896+01:00  INFO 17296 --- [main] o.h.c.internal.RegionFactoryInitiator    : HHH000026: Second-level cache disabled
2025-02-17T18:10:19.198+01:00  INFO 17296 --- [main] o.s.o.j.p.SpringPersistenceUnitInfo      : No LoadTimeWeaver setup: ignoring JPA class transformer
2025-02-17T18:10:20.208+01:00  INFO 17296 --- [main] o.h.e.t.j.p.i.JtaPlatformInitiator       : HHH000489: No JTA platform available (set 'hibernate.transaction.jta.platform' to enable JTA platform integration)
2025-02-17T18:10:20.210+01:00  INFO 17296 --- [main] j.LocalContainerEntityManagerFactoryBean : Initialized JPA EntityManagerFactory for persistence unit 'default'
2025-02-17T18:10:20.520+01:00  INFO 17296 --- [main] o.s.d.j.r.query.QueryEnhancerFactory     : Hibernate is in classpath; If applicable, HQL parser will be used.
2025-02-17T18:10:20.999+01:00  WARN 17296 --- [main] JpaBaseConfiguration$JpaWebConfiguration : spring.jpa.open-in-view is enabled by default. Therefore, database queries may be performed during view rendering. Explicitly configure spring.jpa.open-in-view to disable this warning
2025-02-17T18:10:21.024+01:00  INFO 17296 --- [main] o.s.b.a.w.s.WelcomePageHandlerMapping    : Adding welcome page template: index
2025-02-17T18:10:21.451+01:00  INFO 17296 --- [main] o.s.b.w.embedded.tomcat.TomcatWebServer  : Tomcat started on port 8080 (http) with context path ''
2025-02-17T18:10:21.460+01:00  INFO 17296 --- [main] a.a.f.s.swpj4bb.touristoffice.demo.Main  : Started Main in 5.886 seconds (process running for 9.703)
2025-02-17T18:38:24.702+01:00  WARN 17296 --- [HikariPool-1 housekeeper] com.zaxxer.hikari.pool.HikariPool        : HikariPool-1 - Thread starvation or clock leap detected (housekeeper delta=27m36s27ms959µs100ns).
2025-02-17T18:38:37.583+01:00  INFO 17296 --- [http-nio-8080-exec-1] o.a.c.c.C.[Tomcat].[localhost].[/]       : Initializing Spring DispatcherServlet 'dispatcherServlet'
2025-02-17T18:38:37.583+01:00  INFO 17296 --- [http-nio-8080-exec-1] o.s.web.servlet.DispatcherServlet        : Initializing Servlet 'dispatcherServlet'
2025-02-17T18:38:37.583+01:00  INFO 17296 --- [http-nio-8080-exec-1] o.s.web.servlet.DispatcherServlet        : Completed initialization in 0 ms
2025-02-17T18:38:37.700+01:00 DEBUG 17296 --- [http-nio-8080-exec-1] org.hibernate.SQL                        : select h1_0.id,h1_0.address,h1_0.category,h1_0.city,h1_0.zip,h1_0.contact,h1_0.name,h1_0.beds,h1_0.rooms,h1_0.owner,h1_0.phone from hotel h1_0 order by h1_0.id offset ? rows fetch first ? rows only
2025-02-17T18:38:37.734+01:00 DEBUG 17296 --- [http-nio-8080-exec-1] org.hibernate.SQL                        : select count(h1_0.id) from hotel h1_0
2025-02-17T18:40:01.154+01:00  INFO 17296 --- [SpringApplicationShutdownHook] j.LocalContainerEntityManagerFactoryBean : Closing JPA EntityManagerFactory for persistence unit 'default'
2025-02-17T18:40:01.154+01:00  INFO 17296 --- [SpringApplicationShutdownHook] com.zaxxer.hikari.HikariDataSource       : HikariPool-1 - Shutdown initiated...
2025-02-17T18:40:01.169+01:00  INFO 17296 --- [SpringApplicationShutdownHook] com.zaxxer.hikari.HikariDataSource       : HikariPool-1 - Shutdown completed.
